[ 2017-06-07T00:02:37+08:00 ] 127.0.0.1 127.0.0.1 GET /admin/login
[ log ] myblog.io/admin/login [运行时间：0.321295s][吞吐率：3.11req/s] [内存消耗：1,535.84kb] [文件加载：48]
[ info ] [ LANG ] D:\myblog\thinkphp\lang\zh-cn.php
[ info ] [ ROUTE ] array (
  'type' => 'module',
  'module' => 
  array (
    0 => 'admin',
    1 => 'index',
    2 => 'login',
  ),
  'convert' => false,
)
[ info ] [ HEADER ] array (
  'host' => 'myblog.io',
  'connection' => 'keep-alive',
  'upgrade-insecure-requests' => '1',
  'user-agent' => 'Mozilla/5.0 (Windows NT 10.0; Win64; x64) AppleWebKit/537.36 (KHTML, like Gecko) Chrome/58.0.3029.110 Safari/537.36',
  'accept' => 'text/html,application/xhtml+xml,application/xml;q=0.9,image/webp,*/*;q=0.8',
  'accept-encoding' => 'gzip, deflate, sdch',
  'accept-language' => 'zh-CN,zh;q=0.8',
)
[ info ] [ PARAM ] array (
)
[ info ] [ RUN ] app\admin\controller\IndexController->login[ D:\myblog\application\admin\controller\IndexController.php ]
[ info ] [ VIEW ] D:\myblog\public/../application/admin\view\index\login.html [ array (
) ]
[ info ] [ LOG ] INIT File

---------------------------------------------------------------
[ 2017-06-07T00:02:41+08:00 ] 127.0.0.1 127.0.0.1 POST /admin/login_action
[ log ] myblog.io/admin/login_action [运行时间：0.162355s][吞吐率：6.16req/s] [内存消耗：2,450.87kb] [文件加载：57]
[ info ] [ LANG ] D:\myblog\thinkphp\lang\zh-cn.php
[ info ] [ ROUTE ] array (
  'type' => 'module',
  'module' => 
  array (
    0 => 'admin',
    1 => 'index',
    2 => 'login_action',
  ),
  'convert' => false,
)
[ info ] [ HEADER ] array (
  'host' => 'myblog.io',
  'connection' => 'keep-alive',
  'content-length' => '24',
  'cache-control' => 'max-age=0',
  'origin' => 'http://myblog.io',
  'upgrade-insecure-requests' => '1',
  'user-agent' => 'Mozilla/5.0 (Windows NT 10.0; Win64; x64) AppleWebKit/537.36 (KHTML, like Gecko) Chrome/58.0.3029.110 Safari/537.36',
  'content-type' => 'application/x-www-form-urlencoded',
  'accept' => 'text/html,application/xhtml+xml,application/xml;q=0.9,image/webp,*/*;q=0.8',
  'referer' => 'http://myblog.io/admin/login',
  'accept-encoding' => 'gzip, deflate',
  'accept-language' => 'zh-CN,zh;q=0.8',
)
[ info ] [ PARAM ] array (
  'username' => 'admin',
  'pwd' => 'admin',
)
[ info ] [ RUN ] app\admin\controller\IndexController->login_action[ D:\myblog\application\admin\controller\IndexController.php ]
[ info ] [ DB ] INIT mysql
[ info ] [ SESSION ] INIT array (
  'id' => '',
  'var_session_id' => '',
  'prefix' => 'think',
  'type' => '',
  'auto_start' => true,
)
[ info ] [ VIEW ] D:\myblog\thinkphp\tpl\dispatch_jump.tpl [ array (
  0 => 'code',
  1 => 'msg',
  2 => 'data',
  3 => 'url',
  4 => 'wait',
) ]
[ info ] [ LOG ] INIT File
[ sql ] [ DB ] CONNECT:[ UseTime:0.002183s ] mysql:dbname=sblog;host=127.0.0.1;charset=utf8
[ sql ] [ SQL ] SHOW COLUMNS FROM `user` [ RunTime:0.006509s ]
[ sql ] [ SQL ] SELECT * FROM `user` WHERE  `username` = 'admin'  AND `pwd` = '21232f297a57a5a743894a0e4a801fc3' LIMIT 1 [ RunTime:0.000612s ]

---------------------------------------------------------------
[ 2017-06-07T00:02:42+08:00 ] 127.0.0.1 127.0.0.1 GET /admin
[ log ] myblog.io/admin [运行时间：0.240683s][吞吐率：4.15req/s] [内存消耗：1,718.47kb] [文件加载：50]
[ info ] [ LANG ] D:\myblog\thinkphp\lang\zh-cn.php
[ info ] [ ROUTE ] array (
  'type' => 'module',
  'module' => 
  array (
    0 => 'admin',
    1 => NULL,
    2 => NULL,
  ),
)
[ info ] [ HEADER ] array (
  'host' => 'myblog.io',
  'connection' => 'keep-alive',
  'upgrade-insecure-requests' => '1',
  'user-agent' => 'Mozilla/5.0 (Windows NT 10.0; Win64; x64) AppleWebKit/537.36 (KHTML, like Gecko) Chrome/58.0.3029.110 Safari/537.36',
  'accept' => 'text/html,application/xhtml+xml,application/xml;q=0.9,image/webp,*/*;q=0.8',
  'referer' => 'http://myblog.io/admin/login_action',
  'accept-encoding' => 'gzip, deflate, sdch',
  'accept-language' => 'zh-CN,zh;q=0.8',
  'cookie' => 'PHPSESSID=vl741cbi8h8kdck8956rirskl7',
)
[ info ] [ PARAM ] array (
)
[ info ] [ SESSION ] INIT array (
  'id' => '',
  'var_session_id' => '',
  'prefix' => 'think',
  'type' => '',
  'auto_start' => true,
)
[ info ] [ RUN ] app\admin\controller\IndexController->index[ D:\myblog\application\admin\controller\IndexController.php ]
[ info ] [ VIEW ] D:\myblog\public/../application/admin\view\index\index.html [ array (
) ]
[ info ] [ LOG ] INIT File

---------------------------------------------------------------
[ 2017-06-07T00:03:33+08:00 ] 127.0.0.1 127.0.0.1 GET /admin/articles
[ log ] myblog.io/admin/articles [运行时间：2.365161s][吞吐率：0.42req/s] [内存消耗：2,511.63kb] [文件加载：57]
[ info ] [ LANG ] D:\myblog\thinkphp\lang\zh-cn.php
[ info ] [ ROUTE ] array (
  'type' => 'module',
  'module' => 
  array (
    0 => 'admin',
    1 => 'articles',
    2 => NULL,
  ),
)
[ info ] [ HEADER ] array (
  'host' => 'myblog.io',
  'connection' => 'keep-alive',
  'upgrade-insecure-requests' => '1',
  'user-agent' => 'Mozilla/5.0 (Windows NT 10.0; Win64; x64) AppleWebKit/537.36 (KHTML, like Gecko) Chrome/58.0.3029.110 Safari/537.36',
  'accept' => 'text/html,application/xhtml+xml,application/xml;q=0.9,image/webp,*/*;q=0.8',
  'accept-encoding' => 'gzip, deflate, sdch',
  'accept-language' => 'zh-CN,zh;q=0.8',
  'cookie' => 'PHPSESSID=vl741cbi8h8kdck8956rirskl7',
)
[ info ] [ PARAM ] array (
)
[ info ] [ SESSION ] INIT array (
  'id' => '',
  'var_session_id' => '',
  'prefix' => 'think',
  'type' => '',
  'auto_start' => true,
)
[ info ] [ RUN ] app\admin\controller\ArticlesController->index[ D:\myblog\application\admin\controller\ArticlesController.php ]
[ info ] [ DB ] INIT mysql
[ info ] [ VIEW ] D:\myblog\public/../application/admin\view\articles\index.html [ array (
  0 => 'data',
) ]
[ info ] [ LOG ] INIT File
[ sql ] [ DB ] CONNECT:[ UseTime:0.011064s ] mysql:dbname=sblog;host=127.0.0.1;charset=utf8
[ sql ] [ SQL ] SHOW COLUMNS FROM `article` [ RunTime:0.014180s ]
[ sql ] [ SQL ] SELECT * FROM `article` WHERE  `id` >= 0 [ RunTime:0.000324s ]

---------------------------------------------------------------
[ 2017-06-07T00:03:38+08:00 ] 127.0.0.1 127.0.0.1 GET /admin/articles
[ log ] myblog.io/admin/articles [运行时间：0.050778s][吞吐率：19.69req/s] [内存消耗：2,511.63kb] [文件加载：57]
[ info ] [ LANG ] D:\myblog\thinkphp\lang\zh-cn.php
[ info ] [ ROUTE ] array (
  'type' => 'module',
  'module' => 
  array (
    0 => 'admin',
    1 => 'articles',
    2 => NULL,
  ),
)
[ info ] [ HEADER ] array (
  'host' => 'myblog.io',
  'connection' => 'keep-alive',
  'upgrade-insecure-requests' => '1',
  'user-agent' => 'Mozilla/5.0 (Windows NT 10.0; Win64; x64) AppleWebKit/537.36 (KHTML, like Gecko) Chrome/58.0.3029.110 Safari/537.36',
  'accept' => 'text/html,application/xhtml+xml,application/xml;q=0.9,image/webp,*/*;q=0.8',
  'accept-encoding' => 'gzip, deflate, sdch',
  'accept-language' => 'zh-CN,zh;q=0.8',
  'cookie' => 'PHPSESSID=vl741cbi8h8kdck8956rirskl7',
)
[ info ] [ PARAM ] array (
)
[ info ] [ SESSION ] INIT array (
  'id' => '',
  'var_session_id' => '',
  'prefix' => 'think',
  'type' => '',
  'auto_start' => true,
)
[ info ] [ RUN ] app\admin\controller\ArticlesController->index[ D:\myblog\application\admin\controller\ArticlesController.php ]
[ info ] [ DB ] INIT mysql
[ info ] [ VIEW ] D:\myblog\public/../application/admin\view\articles\index.html [ array (
  0 => 'data',
) ]
[ info ] [ LOG ] INIT File
[ sql ] [ DB ] CONNECT:[ UseTime:0.010836s ] mysql:dbname=sblog;host=127.0.0.1;charset=utf8
[ sql ] [ SQL ] SHOW COLUMNS FROM `article` [ RunTime:0.004715s ]
[ sql ] [ SQL ] SELECT * FROM `article` WHERE  `id` >= 0 [ RunTime:0.000414s ]

---------------------------------------------------------------
